<?xml version="1.0" encoding="UTF-8"?>
<!-- Generated by org.testng.reporters.JUnitReportReporter -->
<testsuite skipped="2" hostname="ICPL12103" name="com.myFrmwrk.test.HomePage" tests="3" failures="0" timestamp="24 Oct 2017 10:35:46 GMT" time="27.263" errors="0">
  <testcase name="createAccount" time="27.263" classname="com.myFrmwrk.test.HomePage"/>
  <testcase name="verifyTitle" classname="com.myFrmwrk.test.HomePage">
    <skipped/>
  </testcase> <!-- verifyTitle -->
  <testcase name="veritest" classname="com.myFrmwrk.test.HomePage">
    <skipped/>
  </testcase> <!-- veritest -->
</testsuite> <!-- com.myFrmwrk.test.HomePage -->
